<?xml version="1.0" encoding="UTF-8"?>
<testng-results ignored="0" total="1" passed="1" failed="0" skipped="0">
  <reporter-output>
  </reporter-output>
  <suite started-at="2022-08-17T14:43:53 IST" name="Suite" finished-at="2022-08-17T14:43:56 IST" duration-ms="3153">
    <groups>
    </groups>
    <test started-at="2022-08-17T14:43:53 IST" name="LoginPage_TC001" finished-at="2022-08-17T14:43:56 IST" duration-ms="3153">
      <class name="page_TestCases.LoginPage_TC001">
        <test-method is-config="true" signature="beforeEachMethod()[pri:0, instance:page_TestCases.LoginPage_TC001@56cdfb3b]" started-at="2022-08-17T14:43:53 IST" name="beforeEachMethod" finished-at="2022-08-17T14:43:56 IST" duration-ms="2715" status="PASS">
          <reporter-output>
          </reporter-output>
        </test-method> <!-- beforeEachMethod -->
        <test-method signature="loginWithValidCredentials()[pri:0, instance:page_TestCases.LoginPage_TC001@56cdfb3b]" started-at="2022-08-17T14:43:56 IST" name="loginWithValidCredentials" finished-at="2022-08-17T14:43:56 IST" duration-ms="286" status="PASS">
          <reporter-output>
          </reporter-output>
        </test-method> <!-- loginWithValidCredentials -->
        <test-method is-config="true" signature="afterEachMethod()[pri:0, instance:page_TestCases.LoginPage_TC001@56cdfb3b]" started-at="2022-08-17T14:43:56 IST" name="afterEachMethod" finished-at="2022-08-17T14:43:56 IST" duration-ms="127" status="PASS">
          <reporter-output>
          </reporter-output>
        </test-method> <!-- afterEachMethod -->
      </class> <!-- page_TestCases.LoginPage_TC001 -->
    </test> <!-- LoginPage_TC001 -->
  </suite> <!-- Suite -->
</testng-results>
